1696065274474596 B microfactory /home/rahul/work/out/microfactory_Linux
1696065274474667 B findDeps
1696065274475044 E findDeps
1696065274475103 B check compile github.com/google/blueprint/microfactory
1696065274475253 E check compile github.com/google/blueprint/microfactory
1696065274475269 B check compile main
1696065274475336 E check compile main
1696065274475345 B check link main
1696065274475367 E check link main
1696065274475395 B findDeps
1696065274483925 E findDeps
1696065274483978 B check compile android/soong/ui/logger
1696065274484036 B check compile google.golang.org/protobuf/internal/pragma
1696065274484043 B check compile google.golang.org/protobuf/internal/detrand
1696065274484054 E check compile android/soong/ui/logger
1696065274484062 B check compile android/soong/ui/signal
1696065274484069 B check compile google.golang.org/protobuf/internal/flags
1696065274484076 B check compile github.com/google/blueprint/parser
1696065274484155 E check compile google.golang.org/protobuf/internal/flags
1696065274484094 E check compile google.golang.org/protobuf/internal/pragma
1696065274484094 B check compile google.golang.org/protobuf/internal/version
1696065274484201 B check compile github.com/google/blueprint/deptools
1696065274484232 E check compile google.golang.org/protobuf/internal/version
1696065274484235 E check compile github.com/google/blueprint/deptools
1696065274484142 B check compile github.com/google/blueprint/metrics
1696065274484270 E check compile github.com/google/blueprint/metrics
1696065274484203 B check compile github.com/google/blueprint/microfactory
1696065274484290 B check compile google.golang.org/protobuf/internal/set
1696065274484322 E check compile google.golang.org/protobuf/internal/set
1696065274484112 B check compile android/soong/finder/fs
1696065274484327 E check compile github.com/google/blueprint/microfactory
1696065274484108 E check compile android/soong/ui/signal
1696065274484333 E check compile github.com/google/blueprint/parser
1696065274484339 B check compile github.com/google/blueprint/proptools
1696065274484092 E check compile google.golang.org/protobuf/internal/detrand
1696065274484389 B check compile google.golang.org/protobuf/internal/errors
1696065274484400 E check compile android/soong/finder/fs
1696065274484404 B check compile android/soong/finder
1696065274484423 E check compile google.golang.org/protobuf/internal/errors
1696065274484428 B check compile google.golang.org/protobuf/encoding/protowire
1696065274484139 B check compile android/soong/ui/build/paths
1696065274484161 B check compile github.com/google/blueprint/pathtools
1696065274484465 E check compile google.golang.org/protobuf/encoding/protowire
1696065274484471 B check compile google.golang.org/protobuf/reflect/protoreflect
1696065274484473 E check compile android/soong/finder
1696065274484489 E check compile android/soong/ui/build/paths
1696065274484519 E check compile github.com/google/blueprint/proptools
1696065274484528 B check compile github.com/google/blueprint/bootstrap/bpdoc
1696065274484563 E check compile github.com/google/blueprint/pathtools
1696065274484570 B check compile github.com/google/blueprint
1696065274484616 E check compile github.com/google/blueprint/bootstrap/bpdoc
1696065274484629 E check compile google.golang.org/protobuf/reflect/protoreflect
1696065274484634 B check compile google.golang.org/protobuf/runtime/protoiface
1696065274484639 B check compile google.golang.org/protobuf/internal/strs
1696065274484642 B check compile google.golang.org/protobuf/internal/encoding/messageset
1696065274484667 E check compile google.golang.org/protobuf/runtime/protoiface
1696065274484675 B check compile google.golang.org/protobuf/internal/genid
1696065274484682 E check compile google.golang.org/protobuf/internal/encoding/messageset
1696065274484686 B check compile google.golang.org/protobuf/reflect/protoregistry
1696065274484698 E check compile google.golang.org/protobuf/internal/strs
1696065274484703 B check compile google.golang.org/protobuf/internal/descopts
1696065274484700 B check compile google.golang.org/protobuf/internal/order
1696065274484728 E check compile google.golang.org/protobuf/internal/descopts
1696065274484730 E check compile google.golang.org/protobuf/reflect/protoregistry
1696065274484733 B check compile google.golang.org/protobuf/internal/descfmt
1696065274484704 B check compile google.golang.org/protobuf/internal/encoding/text
1696065274484758 E check compile google.golang.org/protobuf/internal/order
1696065274484764 E check compile google.golang.org/protobuf/internal/descfmt
1696065274485128 E check compile google.golang.org/protobuf/internal/encoding/text
1696065274485135 B check compile google.golang.org/protobuf/internal/encoding/defval
1696065274485173 E check compile google.golang.org/protobuf/internal/encoding/defval
1696065274485227 E check compile google.golang.org/protobuf/internal/genid
1696065274485234 B check compile google.golang.org/protobuf/proto
1696065274485296 E check compile github.com/google/blueprint
1696065274485302 B check compile android/soong/bazel
1696065274485309 B check compile github.com/google/blueprint/bootstrap
1696065274485409 E check compile android/soong/bazel
1696065274485438 E check compile github.com/google/blueprint/bootstrap
1696065274485468 E check compile google.golang.org/protobuf/proto
1696065274485475 B check compile android/soong/shared
1696065274485479 B check compile google.golang.org/protobuf/internal/filedesc
1696065274485481 B check compile google.golang.org/protobuf/encoding/prototext
1696065274485540 E check compile android/soong/shared
1696065274485614 E check compile google.golang.org/protobuf/encoding/prototext
1696065274485657 E check compile google.golang.org/protobuf/internal/filedesc
1696065274485670 B check compile google.golang.org/protobuf/internal/encoding/tag
1696065274485700 E check compile google.golang.org/protobuf/internal/encoding/tag
1696065274485705 B check compile google.golang.org/protobuf/internal/impl
1696065274486318 E check compile google.golang.org/protobuf/internal/impl
1696065274486324 B check compile google.golang.org/protobuf/internal/filetype
1696065274486354 E check compile google.golang.org/protobuf/internal/filetype
1696065274486358 B check compile google.golang.org/protobuf/runtime/protoimpl
1696065274486391 E check compile google.golang.org/protobuf/runtime/protoimpl
1696065274486396 B check compile android/soong/ui/metrics/metrics_proto
1696065274486400 B check compile android/soong/ui/status/build_error_proto
1696065274486405 B check compile android/soong/ui/status/build_progress_proto
1696065274486408 B check compile android/soong/ui/status/ninja_frontend
1696065274486434 E check compile android/soong/ui/status/build_progress_proto
1696065274486405 B check compile android/soong/ui/metrics/upload_proto
1696065274486402 B check compile android/soong/ui/metrics/mk_metrics_proto
1696065274486542 E check compile android/soong/ui/status/build_error_proto
1696065274486573 E check compile android/soong/ui/status/ninja_frontend
1696065274486589 B check compile android/soong/ui/status
1696065274486608 E check compile android/soong/ui/metrics/upload_proto
1696065274486589 E check compile android/soong/ui/metrics/metrics_proto
1696065274486639 E check compile android/soong/ui/metrics/mk_metrics_proto
1696065274486770 E check compile android/soong/ui/status
1696065274486777 B check compile android/soong/ui/tracer
1696065274486781 B check compile android/soong/ui/terminal
1696065274486858 E check compile android/soong/ui/tracer
1696065274486866 B check compile android/soong/ui/metrics
1696065274486916 E check compile android/soong/ui/terminal
1696065274486919 E check compile android/soong/ui/metrics
1696065274486927 B check compile android/soong/ui/build
1696065274487242 E check compile android/soong/ui/build
1696065274487247 B check compile main
1696065274487286 E check compile main
1696065274487289 B check link main
1696065274487296 E check link main
1696065274487300 E microfactory /home/rahul/work/out/microfactory_Linux
